2014/11/08 10:37:26 [error] [exception.CDbException] could not find driver
2014/11/08 10:37:26 [error] [exception.CDbException] exception 'CDbException' with message 'CDbConnection failed to open the DB connection.' in E:\xampp\htdocs\yii\framework\db\CDbConnection.php:388
Stack trace:
#0 E:\xampp\htdocs\yii\framework\db\CDbConnection.php(330): CDbConnection->open()
#1 E:\xampp\htdocs\yii\framework\db\CDbConnection.php(308): CDbConnection->setActive(true)
#2 E:\xampp\htdocs\yii\framework\base\CModule.php(387): CDbConnection->init()
#3 E:\xampp\htdocs\yii\framework\base\CApplication.php(450): CModule->getComponent('db')
#4 E:\xampp\htdocs\yii\framework\db\ar\CActiveRecord.php(634): CApplication->getDb()
#5 E:\xampp\htdocs\yii\framework\db\ar\CActiveRecord.php(667): CActiveRecord->getDbConnection()
#6 E:\xampp\htdocs\yii\framework\db\ar\CActiveRecord.php(1595): CActiveRecord->getCommandBuilder()
#7 E:\xampp\htdocs\yii\framework\web\CActiveDataProvider.php(228): CActiveRecord->count(Object(CDbCriteria))
#8 E:\xampp\htdocs\yii\framework\web\CDataProvider.php(224): CActiveDataProvider->calculateTotalItemCount()
#9 E:\xampp\htdocs\yii\framework\web\CActiveDataProvider.php(178): CDataProvider->getTotalItemCount()
#10 E:\xampp\htdocs\yii\framework\web\CDataProvider.php(168): CActiveDataProvider->fetchData()
#11 E:\xampp\htdocs\yii\framework\zii\widgets\CBaseListView.php(111): CDataProvider->getData()
#12 E:\xampp\htdocs\yii\framework\zii\widgets\CListView.php(211): CBaseListView->init()
#13 E:\xampp\htdocs\yii\framework\web\CBaseController.php(147): CListView->init()
#14 E:\xampp\htdocs\yii\framework\web\CBaseController.php(172): CBaseController->createWidget('zii.widgets.CLi...', Array)
#15 E:\xampp\htdocs\yii\demos\blog\protected\views\post\index.php(9): CBaseController->widget('zii.widgets.CLi...', Array)
#16 E:\xampp\htdocs\yii\framework\web\CBaseController.php(126): require('E:\xampp\htdocs...')
#17 E:\xampp\htdocs\yii\framework\web\CBaseController.php(95): CBaseController->renderInternal('E:\xampp\htdocs...', Array, true)
#18 E:\xampp\htdocs\yii\framework\web\CController.php(869): CBaseController->renderFile('E:\xampp\htdocs...', Array, true)
#19 E:\xampp\htdocs\yii\framework\web\CController.php(782): CController->renderPartial('index', Array, true)
#20 E:\xampp\htdocs\yii\demos\blog\protected\controllers\PostController.php(136): CController->render('index', Array)
#21 E:\xampp\htdocs\yii\framework\web\actions\CInlineAction.php(49): PostController->actionIndex()
#22 E:\xampp\htdocs\yii\framework\web\CController.php(308): CInlineAction->runWithParams(Array)
#23 E:\xampp\htdocs\yii\framework\web\filters\CFilterChain.php(133): CController->runAction(Object(CInlineAction))
#24 E:\xampp\htdocs\yii\framework\web\filters\CFilter.php(40): CFilterChain->run()
#25 E:\xampp\htdocs\yii\framework\web\CController.php(1145): CFilter->filter(Object(CFilterChain))
#26 E:\xampp\htdocs\yii\framework\web\filters\CInlineFilter.php(58): CController->filterAccessControl(Object(CFilterChain))
#27 E:\xampp\htdocs\yii\framework\web\filters\CFilterChain.php(130): CInlineFilter->filter(Object(CFilterChain))
#28 E:\xampp\htdocs\yii\framework\web\CController.php(291): CFilterChain->run()
#29 E:\xampp\htdocs\yii\framework\web\CController.php(265): CController->runActionWithFilters(Object(CInlineAction), Array)
#30 E:\xampp\htdocs\yii\framework\web\CWebApplication.php(282): CController->run('')
#31 E:\xampp\htdocs\yii\framework\web\CWebApplication.php(141): CWebApplication->runController('')
#32 E:\xampp\htdocs\yii\framework\base\CApplication.php(180): CWebApplication->processRequest()
#33 E:\xampp\htdocs\yii\demos\blog\index.php(11): CApplication->run()
#34 {main}
REQUEST_URI=/yii/demos/blog/
HTTP_REFERER=http://localhost/yii/demos/
---
2014/11/08 10:37:48 [error] [exception.CDbException] could not find driver
2014/11/08 10:37:48 [error] [exception.CDbException] exception 'CDbException' with message 'CDbConnection failed to open the DB connection.' in E:\xampp\htdocs\yii\framework\db\CDbConnection.php:388
Stack trace:
#0 E:\xampp\htdocs\yii\framework\db\CDbConnection.php(330): CDbConnection->open()
#1 E:\xampp\htdocs\yii\framework\db\CDbConnection.php(308): CDbConnection->setActive(true)
#2 E:\xampp\htdocs\yii\framework\base\CModule.php(387): CDbConnection->init()
#3 E:\xampp\htdocs\yii\framework\base\CApplication.php(450): CModule->getComponent('db')
#4 E:\xampp\htdocs\yii\framework\db\ar\CActiveRecord.php(634): CApplication->getDb()
#5 E:\xampp\htdocs\yii\framework\db\ar\CActiveRecord.php(667): CActiveRecord->getDbConnection()
#6 E:\xampp\htdocs\yii\framework\db\ar\CActiveRecord.php(1595): CActiveRecord->getCommandBuilder()
#7 E:\xampp\htdocs\yii\framework\web\CActiveDataProvider.php(228): CActiveRecord->count(Object(CDbCriteria))
#8 E:\xampp\htdocs\yii\framework\web\CDataProvider.php(224): CActiveDataProvider->calculateTotalItemCount()
#9 E:\xampp\htdocs\yii\framework\web\CActiveDataProvider.php(178): CDataProvider->getTotalItemCount()
#10 E:\xampp\htdocs\yii\framework\web\CDataProvider.php(168): CActiveDataProvider->fetchData()
#11 E:\xampp\htdocs\yii\framework\zii\widgets\CBaseListView.php(111): CDataProvider->getData()
#12 E:\xampp\htdocs\yii\framework\zii\widgets\CListView.php(211): CBaseListView->init()
#13 E:\xampp\htdocs\yii\framework\web\CBaseController.php(147): CListView->init()
#14 E:\xampp\htdocs\yii\framework\web\CBaseController.php(172): CBaseController->createWidget('zii.widgets.CLi...', Array)
#15 E:\xampp\htdocs\yii\demos\blog\protected\views\post\index.php(9): CBaseController->widget('zii.widgets.CLi...', Array)
#16 E:\xampp\htdocs\yii\framework\web\CBaseController.php(126): require('E:\xampp\htdocs...')
#17 E:\xampp\htdocs\yii\framework\web\CBaseController.php(95): CBaseController->renderInternal('E:\xampp\htdocs...', Array, true)
#18 E:\xampp\htdocs\yii\framework\web\CController.php(869): CBaseController->renderFile('E:\xampp\htdocs...', Array, true)
#19 E:\xampp\htdocs\yii\framework\web\CController.php(782): CController->renderPartial('index', Array, true)
#20 E:\xampp\htdocs\yii\demos\blog\protected\controllers\PostController.php(136): CController->render('index', Array)
#21 E:\xampp\htdocs\yii\framework\web\actions\CInlineAction.php(49): PostController->actionIndex()
#22 E:\xampp\htdocs\yii\framework\web\CController.php(308): CInlineAction->runWithParams(Array)
#23 E:\xampp\htdocs\yii\framework\web\filters\CFilterChain.php(133): CController->runAction(Object(CInlineAction))
#24 E:\xampp\htdocs\yii\framework\web\filters\CFilter.php(40): CFilterChain->run()
#25 E:\xampp\htdocs\yii\framework\web\CController.php(1145): CFilter->filter(Object(CFilterChain))
#26 E:\xampp\htdocs\yii\framework\web\filters\CInlineFilter.php(58): CController->filterAccessControl(Object(CFilterChain))
#27 E:\xampp\htdocs\yii\framework\web\filters\CFilterChain.php(130): CInlineFilter->filter(Object(CFilterChain))
#28 E:\xampp\htdocs\yii\framework\web\CController.php(291): CFilterChain->run()
#29 E:\xampp\htdocs\yii\framework\web\CController.php(265): CController->runActionWithFilters(Object(CInlineAction), Array)
#30 E:\xampp\htdocs\yii\framework\web\CWebApplication.php(282): CController->run('')
#31 E:\xampp\htdocs\yii\framework\web\CWebApplication.php(141): CWebApplication->runController('')
#32 E:\xampp\htdocs\yii\framework\base\CApplication.php(180): CWebApplication->processRequest()
#33 E:\xampp\htdocs\yii\demos\blog\index.php(11): CApplication->run()
#34 {main}
REQUEST_URI=/yii/demos/blog/
HTTP_REFERER=http://localhost/yii/demos/
---
2014/11/08 10:37:51 [error] [exception.CDbException] could not find driver
2014/11/08 10:37:51 [error] [exception.CDbException] exception 'CDbException' with message 'CDbConnection failed to open the DB connection.' in E:\xampp\htdocs\yii\framework\db\CDbConnection.php:388
Stack trace:
#0 E:\xampp\htdocs\yii\framework\db\CDbConnection.php(330): CDbConnection->open()
#1 E:\xampp\htdocs\yii\framework\db\CDbConnection.php(308): CDbConnection->setActive(true)
#2 E:\xampp\htdocs\yii\framework\base\CModule.php(387): CDbConnection->init()
#3 E:\xampp\htdocs\yii\framework\base\CApplication.php(450): CModule->getComponent('db')
#4 E:\xampp\htdocs\yii\framework\db\ar\CActiveRecord.php(634): CApplication->getDb()
#5 E:\xampp\htdocs\yii\framework\db\ar\CActiveRecord.php(667): CActiveRecord->getDbConnection()
#6 E:\xampp\htdocs\yii\framework\db\ar\CActiveRecord.php(1595): CActiveRecord->getCommandBuilder()
#7 E:\xampp\htdocs\yii\framework\web\CActiveDataProvider.php(228): CActiveRecord->count(Object(CDbCriteria))
#8 E:\xampp\htdocs\yii\framework\web\CDataProvider.php(224): CActiveDataProvider->calculateTotalItemCount()
#9 E:\xampp\htdocs\yii\framework\web\CActiveDataProvider.php(178): CDataProvider->getTotalItemCount()
#10 E:\xampp\htdocs\yii\framework\web\CDataProvider.php(168): CActiveDataProvider->fetchData()
#11 E:\xampp\htdocs\yii\framework\zii\widgets\CBaseListView.php(111): CDataProvider->getData()
#12 E:\xampp\htdocs\yii\framework\zii\widgets\CListView.php(211): CBaseListView->init()
#13 E:\xampp\htdocs\yii\framework\web\CBaseController.php(147): CListView->init()
#14 E:\xampp\htdocs\yii\framework\web\CBaseController.php(172): CBaseController->createWidget('zii.widgets.CLi...', Array)
#15 E:\xampp\htdocs\yii\demos\blog\protected\views\post\index.php(9): CBaseController->widget('zii.widgets.CLi...', Array)
#16 E:\xampp\htdocs\yii\framework\web\CBaseController.php(126): require('E:\xampp\htdocs...')
#17 E:\xampp\htdocs\yii\framework\web\CBaseController.php(95): CBaseController->renderInternal('E:\xampp\htdocs...', Array, true)
#18 E:\xampp\htdocs\yii\framework\web\CController.php(869): CBaseController->renderFile('E:\xampp\htdocs...', Array, true)
#19 E:\xampp\htdocs\yii\framework\web\CController.php(782): CController->renderPartial('index', Array, true)
#20 E:\xampp\htdocs\yii\demos\blog\protected\controllers\PostController.php(136): CController->render('index', Array)
#21 E:\xampp\htdocs\yii\framework\web\actions\CInlineAction.php(49): PostController->actionIndex()
#22 E:\xampp\htdocs\yii\framework\web\CController.php(308): CInlineAction->runWithParams(Array)
#23 E:\xampp\htdocs\yii\framework\web\filters\CFilterChain.php(133): CController->runAction(Object(CInlineAction))
#24 E:\xampp\htdocs\yii\framework\web\filters\CFilter.php(40): CFilterChain->run()
#25 E:\xampp\htdocs\yii\framework\web\CController.php(1145): CFilter->filter(Object(CFilterChain))
#26 E:\xampp\htdocs\yii\framework\web\filters\CInlineFilter.php(58): CController->filterAccessControl(Object(CFilterChain))
#27 E:\xampp\htdocs\yii\framework\web\filters\CFilterChain.php(130): CInlineFilter->filter(Object(CFilterChain))
#28 E:\xampp\htdocs\yii\framework\web\CController.php(291): CFilterChain->run()
#29 E:\xampp\htdocs\yii\framework\web\CController.php(265): CController->runActionWithFilters(Object(CInlineAction), Array)
#30 E:\xampp\htdocs\yii\framework\web\CWebApplication.php(282): CController->run('')
#31 E:\xampp\htdocs\yii\framework\web\CWebApplication.php(141): CWebApplication->runController('')
#32 E:\xampp\htdocs\yii\framework\base\CApplication.php(180): CWebApplication->processRequest()
#33 E:\xampp\htdocs\yii\demos\blog\index.php(11): CApplication->run()
#34 {main}
REQUEST_URI=/yii/demos/blog/
---
2014/11/08 10:37:53 [error] [exception.CDbException] could not find driver
2014/11/08 10:37:53 [error] [exception.CDbException] exception 'CDbException' with message 'CDbConnection failed to open the DB connection.' in E:\xampp\htdocs\yii\framework\db\CDbConnection.php:388
Stack trace:
#0 E:\xampp\htdocs\yii\framework\db\CDbConnection.php(330): CDbConnection->open()
#1 E:\xampp\htdocs\yii\framework\db\CDbConnection.php(308): CDbConnection->setActive(true)
#2 E:\xampp\htdocs\yii\framework\base\CModule.php(387): CDbConnection->init()
#3 E:\xampp\htdocs\yii\framework\base\CApplication.php(450): CModule->getComponent('db')
#4 E:\xampp\htdocs\yii\framework\db\ar\CActiveRecord.php(634): CApplication->getDb()
#5 E:\xampp\htdocs\yii\framework\db\ar\CActiveRecord.php(667): CActiveRecord->getDbConnection()
#6 E:\xampp\htdocs\yii\framework\db\ar\CActiveRecord.php(1595): CActiveRecord->getCommandBuilder()
#7 E:\xampp\htdocs\yii\framework\web\CActiveDataProvider.php(228): CActiveRecord->count(Object(CDbCriteria))
#8 E:\xampp\htdocs\yii\framework\web\CDataProvider.php(224): CActiveDataProvider->calculateTotalItemCount()
#9 E:\xampp\htdocs\yii\framework\web\CActiveDataProvider.php(178): CDataProvider->getTotalItemCount()
#10 E:\xampp\htdocs\yii\framework\web\CDataProvider.php(168): CActiveDataProvider->fetchData()
#11 E:\xampp\htdocs\yii\framework\zii\widgets\CBaseListView.php(111): CDataProvider->getData()
#12 E:\xampp\htdocs\yii\framework\zii\widgets\CListView.php(211): CBaseListView->init()
#13 E:\xampp\htdocs\yii\framework\web\CBaseController.php(147): CListView->init()
#14 E:\xampp\htdocs\yii\framework\web\CBaseController.php(172): CBaseController->createWidget('zii.widgets.CLi...', Array)
#15 E:\xampp\htdocs\yii\demos\blog\protected\views\post\index.php(9): CBaseController->widget('zii.widgets.CLi...', Array)
#16 E:\xampp\htdocs\yii\framework\web\CBaseController.php(126): require('E:\xampp\htdocs...')
#17 E:\xampp\htdocs\yii\framework\web\CBaseController.php(95): CBaseController->renderInternal('E:\xampp\htdocs...', Array, true)
#18 E:\xampp\htdocs\yii\framework\web\CController.php(869): CBaseController->renderFile('E:\xampp\htdocs...', Array, true)
#19 E:\xampp\htdocs\yii\framework\web\CController.php(782): CController->renderPartial('index', Array, true)
#20 E:\xampp\htdocs\yii\demos\blog\protected\controllers\PostController.php(136): CController->render('index', Array)
#21 E:\xampp\htdocs\yii\framework\web\actions\CInlineAction.php(49): PostController->actionIndex()
#22 E:\xampp\htdocs\yii\framework\web\CController.php(308): CInlineAction->runWithParams(Array)
#23 E:\xampp\htdocs\yii\framework\web\filters\CFilterChain.php(133): CController->runAction(Object(CInlineAction))
#24 E:\xampp\htdocs\yii\framework\web\filters\CFilter.php(40): CFilterChain->run()
#25 E:\xampp\htdocs\yii\framework\web\CController.php(1145): CFilter->filter(Object(CFilterChain))
#26 E:\xampp\htdocs\yii\framework\web\filters\CInlineFilter.php(58): CController->filterAccessControl(Object(CFilterChain))
#27 E:\xampp\htdocs\yii\framework\web\filters\CFilterChain.php(130): CInlineFilter->filter(Object(CFilterChain))
#28 E:\xampp\htdocs\yii\framework\web\CController.php(291): CFilterChain->run()
#29 E:\xampp\htdocs\yii\framework\web\CController.php(265): CController->runActionWithFilters(Object(CInlineAction), Array)
#30 E:\xampp\htdocs\yii\framework\web\CWebApplication.php(282): CController->run('')
#31 E:\xampp\htdocs\yii\framework\web\CWebApplication.php(141): CWebApplication->runController('')
#32 E:\xampp\htdocs\yii\framework\base\CApplication.php(180): CWebApplication->processRequest()
#33 E:\xampp\htdocs\yii\demos\blog\index.php(11): CApplication->run()
#34 {main}
REQUEST_URI=/yii/demos/blog/
---
2014/11/08 10:37:54 [error] [exception.CDbException] could not find driver
2014/11/08 10:37:54 [error] [exception.CDbException] exception 'CDbException' with message 'CDbConnection failed to open the DB connection.' in E:\xampp\htdocs\yii\framework\db\CDbConnection.php:388
Stack trace:
#0 E:\xampp\htdocs\yii\framework\db\CDbConnection.php(330): CDbConnection->open()
#1 E:\xampp\htdocs\yii\framework\db\CDbConnection.php(308): CDbConnection->setActive(true)
#2 E:\xampp\htdocs\yii\framework\base\CModule.php(387): CDbConnection->init()
#3 E:\xampp\htdocs\yii\framework\base\CApplication.php(450): CModule->getComponent('db')
#4 E:\xampp\htdocs\yii\framework\db\ar\CActiveRecord.php(634): CApplication->getDb()
#5 E:\xampp\htdocs\yii\framework\db\ar\CActiveRecord.php(667): CActiveRecord->getDbConnection()
#6 E:\xampp\htdocs\yii\framework\db\ar\CActiveRecord.php(1595): CActiveRecord->getCommandBuilder()
#7 E:\xampp\htdocs\yii\framework\web\CActiveDataProvider.php(228): CActiveRecord->count(Object(CDbCriteria))
#8 E:\xampp\htdocs\yii\framework\web\CDataProvider.php(224): CActiveDataProvider->calculateTotalItemCount()
#9 E:\xampp\htdocs\yii\framework\web\CActiveDataProvider.php(178): CDataProvider->getTotalItemCount()
#10 E:\xampp\htdocs\yii\framework\web\CDataProvider.php(168): CActiveDataProvider->fetchData()
#11 E:\xampp\htdocs\yii\framework\zii\widgets\CBaseListView.php(111): CDataProvider->getData()
#12 E:\xampp\htdocs\yii\framework\zii\widgets\CListView.php(211): CBaseListView->init()
#13 E:\xampp\htdocs\yii\framework\web\CBaseController.php(147): CListView->init()
#14 E:\xampp\htdocs\yii\framework\web\CBaseController.php(172): CBaseController->createWidget('zii.widgets.CLi...', Array)
#15 E:\xampp\htdocs\yii\demos\blog\protected\views\post\index.php(9): CBaseController->widget('zii.widgets.CLi...', Array)
#16 E:\xampp\htdocs\yii\framework\web\CBaseController.php(126): require('E:\xampp\htdocs...')
#17 E:\xampp\htdocs\yii\framework\web\CBaseController.php(95): CBaseController->renderInternal('E:\xampp\htdocs...', Array, true)
#18 E:\xampp\htdocs\yii\framework\web\CController.php(869): CBaseController->renderFile('E:\xampp\htdocs...', Array, true)
#19 E:\xampp\htdocs\yii\framework\web\CController.php(782): CController->renderPartial('index', Array, true)
#20 E:\xampp\htdocs\yii\demos\blog\protected\controllers\PostController.php(136): CController->render('index', Array)
#21 E:\xampp\htdocs\yii\framework\web\actions\CInlineAction.php(49): PostController->actionIndex()
#22 E:\xampp\htdocs\yii\framework\web\CController.php(308): CInlineAction->runWithParams(Array)
#23 E:\xampp\htdocs\yii\framework\web\filters\CFilterChain.php(133): CController->runAction(Object(CInlineAction))
#24 E:\xampp\htdocs\yii\framework\web\filters\CFilter.php(40): CFilterChain->run()
#25 E:\xampp\htdocs\yii\framework\web\CController.php(1145): CFilter->filter(Object(CFilterChain))
#26 E:\xampp\htdocs\yii\framework\web\filters\CInlineFilter.php(58): CController->filterAccessControl(Object(CFilterChain))
#27 E:\xampp\htdocs\yii\framework\web\filters\CFilterChain.php(130): CInlineFilter->filter(Object(CFilterChain))
#28 E:\xampp\htdocs\yii\framework\web\CController.php(291): CFilterChain->run()
#29 E:\xampp\htdocs\yii\framework\web\CController.php(265): CController->runActionWithFilters(Object(CInlineAction), Array)
#30 E:\xampp\htdocs\yii\framework\web\CWebApplication.php(282): CController->run('')
#31 E:\xampp\htdocs\yii\framework\web\CWebApplication.php(141): CWebApplication->runController('')
#32 E:\xampp\htdocs\yii\framework\base\CApplication.php(180): CWebApplication->processRequest()
#33 E:\xampp\htdocs\yii\demos\blog\index.php(11): CApplication->run()
#34 {main}
REQUEST_URI=/yii/demos/blog/
---
2014/11/08 10:39:57 [error] [exception.CDbException] SQLSTATE[42000] [1049] Unknown database 'myweb'
2014/11/08 10:39:57 [error] [exception.CDbException] exception 'CDbException' with message 'CDbConnection failed to open the DB connection.' in E:\xampp\htdocs\yii\framework\db\CDbConnection.php:388
Stack trace:
#0 E:\xampp\htdocs\yii\framework\db\CDbConnection.php(330): CDbConnection->open()
#1 E:\xampp\htdocs\yii\framework\db\CDbConnection.php(308): CDbConnection->setActive(true)
#2 E:\xampp\htdocs\yii\framework\base\CModule.php(387): CDbConnection->init()
#3 E:\xampp\htdocs\yii\framework\base\CApplication.php(450): CModule->getComponent('db')
#4 E:\xampp\htdocs\yii\framework\db\ar\CActiveRecord.php(634): CApplication->getDb()
#5 E:\xampp\htdocs\yii\framework\db\ar\CActiveRecord.php(667): CActiveRecord->getDbConnection()
#6 E:\xampp\htdocs\yii\framework\db\ar\CActiveRecord.php(1595): CActiveRecord->getCommandBuilder()
#7 E:\xampp\htdocs\yii\framework\web\CActiveDataProvider.php(228): CActiveRecord->count(Object(CDbCriteria))
#8 E:\xampp\htdocs\yii\framework\web\CDataProvider.php(224): CActiveDataProvider->calculateTotalItemCount()
#9 E:\xampp\htdocs\yii\framework\web\CActiveDataProvider.php(178): CDataProvider->getTotalItemCount()
#10 E:\xampp\htdocs\yii\framework\web\CDataProvider.php(168): CActiveDataProvider->fetchData()
#11 E:\xampp\htdocs\yii\framework\zii\widgets\CBaseListView.php(111): CDataProvider->getData()
#12 E:\xampp\htdocs\yii\framework\zii\widgets\CListView.php(211): CBaseListView->init()
#13 E:\xampp\htdocs\yii\framework\web\CBaseController.php(147): CListView->init()
#14 E:\xampp\htdocs\yii\framework\web\CBaseController.php(172): CBaseController->createWidget('zii.widgets.CLi...', Array)
#15 E:\xampp\htdocs\yii\demos\blog\protected\views\post\index.php(9): CBaseController->widget('zii.widgets.CLi...', Array)
#16 E:\xampp\htdocs\yii\framework\web\CBaseController.php(126): require('E:\xampp\htdocs...')
#17 E:\xampp\htdocs\yii\framework\web\CBaseController.php(95): CBaseController->renderInternal('E:\xampp\htdocs...', Array, true)
#18 E:\xampp\htdocs\yii\framework\web\CController.php(869): CBaseController->renderFile('E:\xampp\htdocs...', Array, true)
#19 E:\xampp\htdocs\yii\framework\web\CController.php(782): CController->renderPartial('index', Array, true)
#20 E:\xampp\htdocs\yii\demos\blog\protected\controllers\PostController.php(136): CController->render('index', Array)
#21 E:\xampp\htdocs\yii\framework\web\actions\CInlineAction.php(49): PostController->actionIndex()
#22 E:\xampp\htdocs\yii\framework\web\CController.php(308): CInlineAction->runWithParams(Array)
#23 E:\xampp\htdocs\yii\framework\web\filters\CFilterChain.php(133): CController->runAction(Object(CInlineAction))
#24 E:\xampp\htdocs\yii\framework\web\filters\CFilter.php(40): CFilterChain->run()
#25 E:\xampp\htdocs\yii\framework\web\CController.php(1145): CFilter->filter(Object(CFilterChain))
#26 E:\xampp\htdocs\yii\framework\web\filters\CInlineFilter.php(58): CController->filterAccessControl(Object(CFilterChain))
#27 E:\xampp\htdocs\yii\framework\web\filters\CFilterChain.php(130): CInlineFilter->filter(Object(CFilterChain))
#28 E:\xampp\htdocs\yii\framework\web\CController.php(291): CFilterChain->run()
#29 E:\xampp\htdocs\yii\framework\web\CController.php(265): CController->runActionWithFilters(Object(CInlineAction), Array)
#30 E:\xampp\htdocs\yii\framework\web\CWebApplication.php(282): CController->run('')
#31 E:\xampp\htdocs\yii\framework\web\CWebApplication.php(141): CWebApplication->runController('')
#32 E:\xampp\htdocs\yii\framework\base\CApplication.php(180): CWebApplication->processRequest()
#33 E:\xampp\htdocs\yii\demos\blog\index.php(11): CApplication->run()
#34 {main}
REQUEST_URI=/yii/demos/blog/
---
2014/11/08 10:48:29 [error] [exception.CHttpException.500] exception 'CHttpException' with message 'This application requires that PHP was compiled with Blowfish support for crypt().' in E:\xampp\htdocs\yii\demos\blog\protected\controllers\SiteController.php:66
Stack trace:
#0 E:\xampp\htdocs\yii\framework\web\actions\CInlineAction.php(49): SiteController->actionLogin()
#1 E:\xampp\htdocs\yii\framework\web\CController.php(308): CInlineAction->runWithParams(Array)
#2 E:\xampp\htdocs\yii\framework\web\CController.php(286): CController->runAction(Object(CInlineAction))
#3 E:\xampp\htdocs\yii\framework\web\CController.php(265): CController->runActionWithFilters(Object(CInlineAction), Array)
#4 E:\xampp\htdocs\yii\framework\web\CWebApplication.php(282): CController->run('login')
#5 E:\xampp\htdocs\yii\framework\web\CWebApplication.php(141): CWebApplication->runController('site/login')
#6 E:\xampp\htdocs\yii\framework\base\CApplication.php(180): CWebApplication->processRequest()
#7 E:\xampp\htdocs\yii\demos\blog\index.php(11): CApplication->run()
#8 {main}
REQUEST_URI=/yii/demos/blog/index.php/site/login
HTTP_REFERER=http://localhost/yii/demos/blog/index.php/post/index
---
2014/11/08 10:48:35 [error] [exception.CHttpException.500] exception 'CHttpException' with message 'This application requires that PHP was compiled with Blowfish support for crypt().' in E:\xampp\htdocs\yii\demos\blog\protected\controllers\SiteController.php:66
Stack trace:
#0 E:\xampp\htdocs\yii\framework\web\actions\CInlineAction.php(49): SiteController->actionLogin()
#1 E:\xampp\htdocs\yii\framework\web\CController.php(308): CInlineAction->runWithParams(Array)
#2 E:\xampp\htdocs\yii\framework\web\CController.php(286): CController->runAction(Object(CInlineAction))
#3 E:\xampp\htdocs\yii\framework\web\CController.php(265): CController->runActionWithFilters(Object(CInlineAction), Array)
#4 E:\xampp\htdocs\yii\framework\web\CWebApplication.php(282): CController->run('login')
#5 E:\xampp\htdocs\yii\framework\web\CWebApplication.php(141): CWebApplication->runController('site/login')
#6 E:\xampp\htdocs\yii\framework\base\CApplication.php(180): CWebApplication->processRequest()
#7 E:\xampp\htdocs\yii\demos\blog\index.php(11): CApplication->run()
#8 {main}
REQUEST_URI=/yii/demos/blog/index.php/site/login
HTTP_REFERER=http://localhost/yii/demos/blog/index.php/site/login
---
2014/11/08 10:48:37 [error] [exception.CHttpException.500] exception 'CHttpException' with message 'This application requires that PHP was compiled with Blowfish support for crypt().' in E:\xampp\htdocs\yii\demos\blog\protected\controllers\SiteController.php:66
Stack trace:
#0 E:\xampp\htdocs\yii\framework\web\actions\CInlineAction.php(49): SiteController->actionLogin()
#1 E:\xampp\htdocs\yii\framework\web\CController.php(308): CInlineAction->runWithParams(Array)
#2 E:\xampp\htdocs\yii\framework\web\CController.php(286): CController->runAction(Object(CInlineAction))
#3 E:\xampp\htdocs\yii\framework\web\CController.php(265): CController->runActionWithFilters(Object(CInlineAction), Array)
#4 E:\xampp\htdocs\yii\framework\web\CWebApplication.php(282): CController->run('login')
#5 E:\xampp\htdocs\yii\framework\web\CWebApplication.php(141): CWebApplication->runController('site/login')
#6 E:\xampp\htdocs\yii\framework\base\CApplication.php(180): CWebApplication->processRequest()
#7 E:\xampp\htdocs\yii\demos\blog\index.php(11): CApplication->run()
#8 {main}
REQUEST_URI=/yii/demos/blog/index.php/site/login
HTTP_REFERER=http://localhost/yii/demos/blog/index.php/site/login
---
2014/11/08 10:48:40 [error] [exception.CHttpException.500] exception 'CHttpException' with message 'This application requires that PHP was compiled with Blowfish support for crypt().' in E:\xampp\htdocs\yii\demos\blog\protected\controllers\SiteController.php:66
Stack trace:
#0 E:\xampp\htdocs\yii\framework\web\actions\CInlineAction.php(49): SiteController->actionLogin()
#1 E:\xampp\htdocs\yii\framework\web\CController.php(308): CInlineAction->runWithParams(Array)
#2 E:\xampp\htdocs\yii\framework\web\CController.php(286): CController->runAction(Object(CInlineAction))
#3 E:\xampp\htdocs\yii\framework\web\CController.php(265): CController->runActionWithFilters(Object(CInlineAction), Array)
#4 E:\xampp\htdocs\yii\framework\web\CWebApplication.php(282): CController->run('login')
#5 E:\xampp\htdocs\yii\framework\web\CWebApplication.php(141): CWebApplication->runController('site/login')
#6 E:\xampp\htdocs\yii\framework\base\CApplication.php(180): CWebApplication->processRequest()
#7 E:\xampp\htdocs\yii\demos\blog\index.php(11): CApplication->run()
#8 {main}
REQUEST_URI=/yii/demos/blog/index.php/site/login
HTTP_REFERER=http://localhost/yii/demos/blog/index.php/site/login
---
2014/11/08 10:48:45 [error] [exception.CHttpException.500] exception 'CHttpException' with message 'This application requires that PHP was compiled with Blowfish support for crypt().' in E:\xampp\htdocs\yii\demos\blog\protected\controllers\SiteController.php:66
Stack trace:
#0 E:\xampp\htdocs\yii\framework\web\actions\CInlineAction.php(49): SiteController->actionLogin()
#1 E:\xampp\htdocs\yii\framework\web\CController.php(308): CInlineAction->runWithParams(Array)
#2 E:\xampp\htdocs\yii\framework\web\CController.php(286): CController->runAction(Object(CInlineAction))
#3 E:\xampp\htdocs\yii\framework\web\CController.php(265): CController->runActionWithFilters(Object(CInlineAction), Array)
#4 E:\xampp\htdocs\yii\framework\web\CWebApplication.php(282): CController->run('login')
#5 E:\xampp\htdocs\yii\framework\web\CWebApplication.php(141): CWebApplication->runController('site/login')
#6 E:\xampp\htdocs\yii\framework\base\CApplication.php(180): CWebApplication->processRequest()
#7 E:\xampp\htdocs\yii\demos\blog\index.php(11): CApplication->run()
#8 {main}
REQUEST_URI=/yii/demos/blog/index.php/site/login
HTTP_REFERER=http://localhost/yii/demos/blog/index.php/site/login
---
2014/11/08 10:49:09 [error] [exception.CHttpException.500] exception 'CHttpException' with message 'This application requires that PHP was compiled with Blowfish support for crypt().' in E:\xampp\htdocs\yii\demos\blog\protected\controllers\SiteController.php:66
Stack trace:
#0 E:\xampp\htdocs\yii\framework\web\actions\CInlineAction.php(49): SiteController->actionLogin()
#1 E:\xampp\htdocs\yii\framework\web\CController.php(308): CInlineAction->runWithParams(Array)
#2 E:\xampp\htdocs\yii\framework\web\CController.php(286): CController->runAction(Object(CInlineAction))
#3 E:\xampp\htdocs\yii\framework\web\CController.php(265): CController->runActionWithFilters(Object(CInlineAction), Array)
#4 E:\xampp\htdocs\yii\framework\web\CWebApplication.php(282): CController->run('login')
#5 E:\xampp\htdocs\yii\framework\web\CWebApplication.php(141): CWebApplication->runController('site/login')
#6 E:\xampp\htdocs\yii\framework\base\CApplication.php(180): CWebApplication->processRequest()
#7 E:\xampp\htdocs\yii\demos\blog\index.php(11): CApplication->run()
#8 {main}
REQUEST_URI=/yii/demos/blog/index.php/site/login
HTTP_REFERER=http://localhost/yii/demos/blog/index.php/post/index
---
2014/11/08 10:49:11 [error] [exception.CHttpException.500] exception 'CHttpException' with message 'This application requires that PHP was compiled with Blowfish support for crypt().' in E:\xampp\htdocs\yii\demos\blog\protected\controllers\SiteController.php:66
Stack trace:
#0 E:\xampp\htdocs\yii\framework\web\actions\CInlineAction.php(49): SiteController->actionLogin()
#1 E:\xampp\htdocs\yii\framework\web\CController.php(308): CInlineAction->runWithParams(Array)
#2 E:\xampp\htdocs\yii\framework\web\CController.php(286): CController->runAction(Object(CInlineAction))
#3 E:\xampp\htdocs\yii\framework\web\CController.php(265): CController->runActionWithFilters(Object(CInlineAction), Array)
#4 E:\xampp\htdocs\yii\framework\web\CWebApplication.php(282): CController->run('login')
#5 E:\xampp\htdocs\yii\framework\web\CWebApplication.php(141): CWebApplication->runController('site/login')
#6 E:\xampp\htdocs\yii\framework\base\CApplication.php(180): CWebApplication->processRequest()
#7 E:\xampp\htdocs\yii\demos\blog\index.php(11): CApplication->run()
#8 {main}
REQUEST_URI=/yii/demos/blog/index.php/site/login
HTTP_REFERER=http://localhost/yii/demos/blog/index.php/site/contact
---
